# JRE version: OpenJDK Runtime Environment Temurin-17.0.4.1+1 (17.0.4.1+1) (build 17.0.4.1+1)
# Java VM: OpenJDK 64-Bit Server VM Temurin-17.0.4.1+1 (17.0.4.1+1, mixed mode, emulated-client, tiered, compressed oops, compressed class ptrs, g1 gc, windows-amd64)
GC Precious Log:
 CPUs: 4 total, 4 available
 Memory: 6086M
 Large Page Support: Disabled
 NUMA Support: Disabled
 Compressed Oops: Enabled (32-bit)
 Heap Region Size: 1M
 Heap Min Capacity: 8M
 Heap Initial Capacity: 96M
 Heap Max Capacity: 1522M
 Pre-touch: Disabled
 Parallel Workers: 4
 Concurrent Workers: 1
 Concurrent Refinement Workers: 4
 Periodic GC: Disabled
Heap:
 garbage-first heap   total 234496K, used 93612K [0x00000000a0e00000, 0x0000000100000000)
  region size 1024K, 5 young (5120K), 5 survivors (5120K)
 Metaspace       used 38968K, committed 39360K, reserved 1089536K
  class space    used 4931K, committed 5120K, reserved 1048576K
GC Heap History (20 events):
Event: 26.856 GC heap after
{Heap after GC invocations=32 (full 0):
 garbage-first heap   total 131072K, used 70883K [0x00000000a0e00000, 0x0000000100000000)
  region size 1024K, 2 young (2048K), 2 survivors (2048K)
 Metaspace       used 38968K, committed 39360K, reserved 1089536K
  class space    used 4931K, committed 5120K, reserved 1048576K
}
Event: 26.940 GC heap before
{Heap before GC invocations=32 (full 0):
 garbage-first heap   total 131072K, used 99555K [0x00000000a0e00000, 0x0000000100000000)
  region size 1024K, 31 young (31744K), 2 survivors (2048K)
 Metaspace       used 38968K, committed 39360K, reserved 1089536K
  class space    used 4931K, committed 5120K, reserved 1048576K
}
Event: 26.943 GC heap after
{Heap after GC invocations=33 (full 0):
 garbage-first heap   total 131072K, used 71813K [0x00000000a0e00000, 0x0000000100000000)
  region size 1024K, 3 young (3072K), 3 survivors (3072K)
 Metaspace       used 38968K, committed 39360K, reserved 1089536K
  class space    used 4931K, committed 5120K, reserved 1048576K
}
Event: 27.040 GC heap before
{Heap before GC invocations=33 (full 0):
 garbage-first heap   total 131072K, used 101509K [0x00000000a0e00000, 0x0000000100000000)
  region size 1024K, 33 young (33792K), 3 survivors (3072K)
 Metaspace       used 38968K, committed 39360K, reserved 1089536K
  class space    used 4931K, committed 5120K, reserved 1048576K
}
Event: 27.046 GC heap after
{Heap after GC invocations=34 (full 0):
 garbage-first heap   total 234496K, used 73131K [0x00000000a0e00000, 0x0000000100000000)
  region size 1024K, 4 young (4096K), 4 survivors (4096K)
 Metaspace       used 38968K, committed 39360K, reserved 1089536K
  class space    used 4931K, committed 5120K, reserved 1048576K
}
Event: 27.572 GC heap before
{Heap before GC invocations=35 (full 0):
 garbage-first heap   total 234496K, used 141739K [0x00000000a0e00000, 0x0000000100000000)
  region size 1024K, 73 young (74752K), 4 survivors (4096K)
 Metaspace       used 38968K, committed 39360K, reserved 1089536K
  class space    used 4931K, committed 5120K, reserved 1048576K
}
Event: 27.586 GC heap after
{Heap after GC invocations=36 (full 0):
 garbage-first heap   total 234496K, used 74556K [0x00000000a0e00000, 0x0000000100000000)
  region size 1024K, 7 young (7168K), 7 survivors (7168K)
 Metaspace       used 38968K, committed 39360K, reserved 1089536K
  class space    used 4931K, committed 5120K, reserved 1048576K
}
Event: 27.669 GC heap before
{Heap before GC invocations=36 (full 0):
 garbage-first heap   total 234496K, used 77628K [0x00000000a0e00000, 0x0000000100000000)
  region size 1024K, 11 young (11264K), 7 survivors (7168K)
 Metaspace       used 38968K, committed 39360K, reserved 1089536K
  class space    used 4931K, committed 5120K, reserved 1048576K
}
Event: 27.678 GC heap after
{Heap after GC invocations=37 (full 0):
 garbage-first heap   total 234496K, used 74057K [0x00000000a0e00000, 0x0000000100000000)
  region size 1024K, 1 young (1024K), 1 survivors (1024K)
 Metaspace       used 38968K, committed 39360K, reserved 1089536K
  class space    used 4931K, committed 5120K, reserved 1048576K
}
Event: 28.084 GC heap before
{Heap before GC invocations=37 (full 0):
 garbage-first heap   total 234496K, used 177481K [0x00000000a0e00000, 0x0000000100000000)
  region size 1024K, 103 young (105472K), 1 survivors (1024K)
 Metaspace       used 38968K, committed 39360K, reserved 1089536K
  class space    used 4931K, committed 5120K, reserved 1048576K
}
Event: 28.091 GC heap after
{Heap after GC invocations=38 (full 0):
 garbage-first heap   total 234496K, used 77069K [0x00000000a0e00000, 0x0000000100000000)
  region size 1024K, 4 young (4096K), 4 survivors (4096K)
 Metaspace       used 38968K, committed 39360K, reserved 1089536K
  class space    used 4931K, committed 5120K, reserved 1048576K
}
Event: 28.543 GC heap before
{Heap before GC invocations=38 (full 0):
 garbage-first heap   total 234496K, used 181517K [0x00000000a0e00000, 0x0000000100000000)
  region size 1024K, 107 young (109568K), 4 survivors (4096K)
 Metaspace       used 38968K, committed 39360K, reserved 1089536K
  class space    used 4931K, committed 5120K, reserved 1048576K
}
Event: 28.551 GC heap after
{Heap after GC invocations=39 (full 0):
 garbage-first heap   total 234496K, used 81869K [0x00000000a0e00000, 0x0000000100000000)
  region size 1024K, 9 young (9216K), 9 survivors (9216K)
 Metaspace       used 38968K, committed 39360K, reserved 1089536K
  class space    used 4931K, committed 5120K, reserved 1048576K
}
Event: 28.982 GC heap before
{Heap before GC invocations=39 (full 0):
 garbage-first heap   total 234496K, used 185293K [0x00000000a0e00000, 0x0000000100000000)
  region size 1024K, 112 young (114688K), 9 survivors (9216K)
 Metaspace       used 38968K, committed 39360K, reserved 1089536K
  class space    used 4931K, committed 5120K, reserved 1048576K
}
Event: 28.994 GC heap after
{Heap after GC invocations=40 (full 0):
 garbage-first heap   total 234496K, used 86093K [0x00000000a0e00000, 0x0000000100000000)
  region size 1024K, 9 young (9216K), 9 survivors (9216K)
 Metaspace       used 38968K, committed 39360K, reserved 1089536K
  class space    used 4931K, committed 5120K, reserved 1048576K
}
Event: 29.565 GC heap before
{Heap before GC invocations=41 (full 0):
 garbage-first heap   total 234496K, used 188493K [0x00000000a0e00000, 0x0000000100000000)
  region size 1024K, 110 young (112640K), 9 survivors (9216K)
 Metaspace       used 38968K, committed 39360K, reserved 1089536K
  class space    used 4931K, committed 5120K, reserved 1048576K
}
Event: 29.578 GC heap after
{Heap after GC invocations=42 (full 0):
 garbage-first heap   total 234496K, used 90242K [0x00000000a0e00000, 0x0000000100000000)
  region size 1024K, 9 young (9216K), 9 survivors (9216K)
 Metaspace       used 38968K, committed 39360K, reserved 1089536K
  class space    used 4931K, committed 5120K, reserved 1048576K
}
Event: 29.584 GC heap before
{Heap before GC invocations=42 (full 0):
 garbage-first heap   total 234496K, used 91266K [0x00000000a0e00000, 0x0000000100000000)
  region size 1024K, 11 young (11264K), 9 survivors (9216K)
 Metaspace       used 38968K, committed 39360K, reserved 1089536K
  class space    used 4931K, committed 5120K, reserved 1048576K
}
Event: 29.593 GC heap after
{Heap after GC invocations=43 (full 0):
 garbage-first heap   total 234496K, used 90520K [0x00000000a0e00000, 0x0000000100000000)
  region size 1024K, 2 young (2048K), 2 survivors (2048K)
 Metaspace       used 38968K, committed 39360K, reserved 1089536K
  class space    used 4931K, committed 5120K, reserved 1048576K
}
Event: 30.160 GC heap before
{Heap before GC invocations=43 (full 0):
 garbage-first heap   total 234496K, used 191896K [0x00000000a0e00000, 0x0000000100000000)
  region size 1024K, 102 young (104448K), 2 survivors (2048K)
 Metaspace       used 38968K, committed 39360K, reserved 1089536K
  class space    used 4931K, committed 5120K, reserved 1048576K
}

