# JRE version: OpenJDK Runtime Environment Temurin-17.0.4.1+1 (17.0.4.1+1) (build 17.0.4.1+1)
# Java VM: OpenJDK 64-Bit Server VM Temurin-17.0.4.1+1 (17.0.4.1+1, mixed mode, emulated-client, tiered, compressed oops, compressed class ptrs, g1 gc, windows-amd64)
GC Precious Log:
 CPUs: 4 total, 4 available
 Memory: 6086M
 Large Page Support: Disabled
 NUMA Support: Disabled
 Compressed Oops: Enabled (32-bit)
 Heap Region Size: 1M
 Heap Min Capacity: 8M
 Heap Initial Capacity: 96M
 Heap Max Capacity: 1522M
 Pre-touch: Disabled
 Parallel Workers: 4
 Concurrent Workers: 1
 Concurrent Refinement Workers: 4
 Periodic GC: Disabled
Heap:
 garbage-first heap   total 194560K, used 77173K [0x00000000a0e00000, 0x0000000100000000)
  region size 1024K, 7 young (7168K), 7 survivors (7168K)
 Metaspace       used 38975K, committed 39360K, reserved 1089536K
  class space    used 4934K, committed 5120K, reserved 1048576K
GC Heap History (20 events):
Event: 9.827 GC heap after
{Heap after GC invocations=12 (full 0):
 garbage-first heap   total 58368K, used 31169K [0x00000000a0e00000, 0x0000000100000000)
  region size 1024K, 3 young (3072K), 3 survivors (3072K)
 Metaspace       used 35548K, committed 35904K, reserved 1081344K
  class space    used 4613K, committed 4736K, reserved 1048576K
}
Event: 9.890 GC heap before
{Heap before GC invocations=12 (full 0):
 garbage-first heap   total 68608K, used 42433K [0x00000000a0e00000, 0x0000000100000000)
  region size 1024K, 15 young (15360K), 3 survivors (3072K)
 Metaspace       used 35753K, committed 36032K, reserved 1081344K
  class space    used 4639K, committed 4736K, reserved 1048576K
}
Event: 9.896 GC heap after
{Heap after GC invocations=13 (full 0):
 garbage-first heap   total 86016K, used 33268K [0x00000000a0e00000, 0x0000000100000000)
  region size 1024K, 2 young (2048K), 2 survivors (2048K)
 Metaspace       used 35753K, committed 36032K, reserved 1081344K
  class space    used 4639K, committed 4736K, reserved 1048576K
}
Event: 10.001 GC heap before
{Heap before GC invocations=14 (full 0):
 garbage-first heap   total 86016K, used 60916K [0x00000000a0e00000, 0x0000000100000000)
  region size 1024K, 30 young (30720K), 2 survivors (2048K)
 Metaspace       used 36213K, committed 36544K, reserved 1081344K
  class space    used 4669K, committed 4800K, reserved 1048576K
}
Event: 10.009 GC heap after
{Heap after GC invocations=15 (full 0):
 garbage-first heap   total 86016K, used 38090K [0x00000000a0e00000, 0x0000000100000000)
  region size 1024K, 4 young (4096K), 4 survivors (4096K)
 Metaspace       used 36213K, committed 36544K, reserved 1081344K
  class space    used 4669K, committed 4800K, reserved 1048576K
}
Event: 10.016 GC heap before
{Heap before GC invocations=15 (full 0):
 garbage-first heap   total 86016K, used 39114K [0x00000000a0e00000, 0x0000000100000000)
  region size 1024K, 5 young (5120K), 4 survivors (4096K)
 Metaspace       used 36275K, committed 36608K, reserved 1081344K
  class space    used 4671K, committed 4800K, reserved 1048576K
}
Event: 10.019 GC heap after
{Heap after GC invocations=16 (full 0):
 garbage-first heap   total 86016K, used 38952K [0x00000000a0e00000, 0x0000000100000000)
  region size 1024K, 1 young (1024K), 1 survivors (1024K)
 Metaspace       used 36275K, committed 36608K, reserved 1081344K
  class space    used 4671K, committed 4800K, reserved 1048576K
}
Event: 10.101 GC heap before
{Heap before GC invocations=16 (full 0):
 garbage-first heap   total 86016K, used 62504K [0x00000000a0e00000, 0x0000000100000000)
  region size 1024K, 25 young (25600K), 1 survivors (1024K)
 Metaspace       used 36714K, committed 37056K, reserved 1081344K
  class space    used 4721K, committed 4864K, reserved 1048576K
}
Event: 10.107 GC heap after
{Heap after GC invocations=17 (full 0):
 garbage-first heap   total 86016K, used 43923K [0x00000000a0e00000, 0x0000000100000000)
  region size 1024K, 4 young (4096K), 4 survivors (4096K)
 Metaspace       used 36714K, committed 37056K, reserved 1081344K
  class space    used 4721K, committed 4864K, reserved 1048576K
}
Event: 10.363 GC heap before
{Heap before GC invocations=18 (full 0):
 garbage-first heap   total 94208K, used 64403K [0x00000000a0e00000, 0x0000000100000000)
  region size 1024K, 25 young (25600K), 4 survivors (4096K)
 Metaspace       used 37794K, committed 38080K, reserved 1089536K
  class space    used 4783K, committed 4928K, reserved 1048576K
}
Event: 10.373 GC heap after
{Heap after GC invocations=19 (full 0):
 garbage-first heap   total 94208K, used 51172K [0x00000000a0e00000, 0x0000000100000000)
  region size 1024K, 4 young (4096K), 4 survivors (4096K)
 Metaspace       used 37794K, committed 38080K, reserved 1089536K
  class space    used 4783K, committed 4928K, reserved 1048576K
}
Event: 10.374 GC heap before
{Heap before GC invocations=19 (full 0):
 garbage-first heap   total 94208K, used 52196K [0x00000000a0e00000, 0x0000000100000000)
  region size 1024K, 5 young (5120K), 4 survivors (4096K)
 Metaspace       used 37794K, committed 38080K, reserved 1089536K
  class space    used 4783K, committed 4928K, reserved 1048576K
}
Event: 10.381 GC heap after
{Heap after GC invocations=20 (full 0):
 garbage-first heap   total 194560K, used 51744K [0x00000000a0e00000, 0x0000000100000000)
  region size 1024K, 1 young (1024K), 1 survivors (1024K)
 Metaspace       used 37794K, committed 38080K, reserved 1089536K
  class space    used 4783K, committed 4928K, reserved 1048576K
}
Event: 10.881 GC heap before
{Heap before GC invocations=20 (full 0):
 garbage-first heap   total 194560K, used 121376K [0x00000000a0e00000, 0x0000000100000000)
  region size 1024K, 68 young (69632K), 1 survivors (1024K)
 Metaspace       used 38883K, committed 39232K, reserved 1089536K
  class space    used 4926K, committed 5056K, reserved 1048576K
}
Event: 10.913 GC heap after
{Heap after GC invocations=21 (full 0):
 garbage-first heap   total 194560K, used 69632K [0x00000000a0e00000, 0x0000000100000000)
  region size 1024K, 9 young (9216K), 9 survivors (9216K)
 Metaspace       used 38883K, committed 39232K, reserved 1089536K
  class space    used 4926K, committed 5056K, reserved 1048576K
}
Event: 10.948 GC heap before
{Heap before GC invocations=21 (full 0):
 garbage-first heap   total 194560K, used 116736K [0x00000000a0e00000, 0x0000000100000000)
  region size 1024K, 56 young (57344K), 9 survivors (9216K)
 Metaspace       used 38975K, committed 39360K, reserved 1089536K
  class space    used 4934K, committed 5120K, reserved 1048576K
}
Event: 10.955 GC heap after
{Heap after GC invocations=22 (full 0):
 garbage-first heap   total 194560K, used 73001K [0x00000000a0e00000, 0x0000000100000000)
  region size 1024K, 3 young (3072K), 3 survivors (3072K)
 Metaspace       used 38975K, committed 39360K, reserved 1089536K
  class space    used 4934K, committed 5120K, reserved 1048576K
}
Event: 10.983 GC heap before
{Heap before GC invocations=22 (full 0):
 garbage-first heap   total 194560K, used 126249K [0x00000000a0e00000, 0x0000000100000000)
  region size 1024K, 56 young (57344K), 3 survivors (3072K)
 Metaspace       used 38975K, committed 39360K, reserved 1089536K
  class space    used 4934K, committed 5120K, reserved 1048576K
}
Event: 10.986 GC heap after
{Heap after GC invocations=23 (full 0):
 garbage-first heap   total 194560K, used 74666K [0x00000000a0e00000, 0x0000000100000000)
  region size 1024K, 5 young (5120K), 5 survivors (5120K)
 Metaspace       used 38975K, committed 39360K, reserved 1089536K
  class space    used 4934K, committed 5120K, reserved 1048576K
}
Event: 11.019 GC heap before
{Heap before GC invocations=23 (full 0):
 garbage-first heap   total 194560K, used 138154K [0x00000000a0e00000, 0x0000000100000000)
  region size 1024K, 68 young (69632K), 5 survivors (5120K)
 Metaspace       used 38975K, committed 39360K, reserved 1089536K
  class space    used 4934K, committed 5120K, reserved 1048576K
}

