# JRE version: OpenJDK Runtime Environment Temurin-17.0.4.1+1 (17.0.4.1+1) (build 17.0.4.1+1)
# Java VM: OpenJDK 64-Bit Server VM Temurin-17.0.4.1+1 (17.0.4.1+1, mixed mode, emulated-client, tiered, compressed oops, compressed class ptrs, g1 gc, windows-amd64)
GC Precious Log:
 CPUs: 4 total, 4 available
 Memory: 6086M
 Large Page Support: Disabled
 NUMA Support: Disabled
 Compressed Oops: Enabled (32-bit)
 Heap Region Size: 1M
 Heap Min Capacity: 8M
 Heap Initial Capacity: 96M
 Heap Max Capacity: 1522M
 Pre-touch: Disabled
 Parallel Workers: 4
 Concurrent Workers: 1
 Concurrent Refinement Workers: 4
 Periodic GC: Disabled
Heap:
 garbage-first heap   total 216064K, used 80441K [0x00000000a0e00000, 0x0000000100000000)
  region size 1024K, 7 young (7168K), 7 survivors (7168K)
 Metaspace       used 38962K, committed 39360K, reserved 1089536K
  class space    used 4928K, committed 5120K, reserved 1048576K
GC Heap History (20 events):
Event: 20.207 GC heap after
{Heap after GC invocations=18 (full 0):
 garbage-first heap   total 63488K, used 34247K [0x00000000a0e00000, 0x0000000100000000)
  region size 1024K, 2 young (2048K), 2 survivors (2048K)
 Metaspace       used 37548K, committed 37888K, reserved 1089536K
  class space    used 4757K, committed 4928K, reserved 1048576K
}
Event: 20.381 GC heap before
{Heap before GC invocations=19 (full 0):
 garbage-first heap   total 63488K, used 46535K [0x00000000a0e00000, 0x0000000100000000)
  region size 1024K, 14 young (14336K), 2 survivors (2048K)
 Metaspace       used 37735K, committed 38080K, reserved 1089536K
  class space    used 4767K, committed 4928K, reserved 1048576K
}
Event: 20.389 GC heap after
{Heap after GC invocations=20 (full 0):
 garbage-first heap   total 117760K, used 36464K [0x00000000a0e00000, 0x0000000100000000)
  region size 1024K, 2 young (2048K), 2 survivors (2048K)
 Metaspace       used 37735K, committed 38080K, reserved 1089536K
  class space    used 4767K, committed 4928K, reserved 1048576K
}
Event: 20.883 GC heap before
{Heap before GC invocations=20 (full 0):
 garbage-first heap   total 117760K, used 82544K [0x00000000a0e00000, 0x0000000100000000)
  region size 1024K, 48 young (49152K), 2 survivors (2048K)
 Metaspace       used 38069K, committed 38400K, reserved 1089536K
  class space    used 4803K, committed 4928K, reserved 1048576K
}
Event: 20.908 GC heap after
{Heap after GC invocations=21 (full 0):
 garbage-first heap   total 117760K, used 49110K [0x00000000a0e00000, 0x0000000100000000)
  region size 1024K, 6 young (6144K), 6 survivors (6144K)
 Metaspace       used 38069K, committed 38400K, reserved 1089536K
  class space    used 4803K, committed 4928K, reserved 1048576K
}
Event: 22.537 GC heap before
{Heap before GC invocations=21 (full 0):
 garbage-first heap   total 117760K, used 81878K [0x00000000a0e00000, 0x0000000100000000)
  region size 1024K, 38 young (38912K), 6 survivors (6144K)
 Metaspace       used 38767K, committed 39232K, reserved 1089536K
  class space    used 4904K, committed 5120K, reserved 1048576K
}
Event: 22.562 GC heap after
{Heap after GC invocations=22 (full 0):
 garbage-first heap   total 117760K, used 60329K [0x00000000a0e00000, 0x0000000100000000)
  region size 1024K, 5 young (5120K), 5 survivors (5120K)
 Metaspace       used 38767K, committed 39232K, reserved 1089536K
  class space    used 4904K, committed 5120K, reserved 1048576K
}
Event: 22.605 GC heap before
{Heap before GC invocations=22 (full 0):
 garbage-first heap   total 117760K, used 61353K [0x00000000a0e00000, 0x0000000100000000)
  region size 1024K, 8 young (8192K), 5 survivors (5120K)
 Metaspace       used 38767K, committed 39232K, reserved 1089536K
  class space    used 4904K, committed 5120K, reserved 1048576K
}
Event: 22.615 GC heap after
{Heap after GC invocations=23 (full 0):
 garbage-first heap   total 117760K, used 62657K [0x00000000a0e00000, 0x0000000100000000)
  region size 1024K, 2 young (2048K), 2 survivors (2048K)
 Metaspace       used 38767K, committed 39232K, reserved 1089536K
  class space    used 4904K, committed 5120K, reserved 1048576K
}
Event: 22.835 GC heap before
{Heap before GC invocations=23 (full 0):
 garbage-first heap   total 117760K, used 82112K [0x00000000a0e00000, 0x0000000100000000)
  region size 1024K, 21 young (21504K), 2 survivors (2048K)
 Metaspace       used 38857K, committed 39296K, reserved 1089536K
  class space    used 4914K, committed 5120K, reserved 1048576K
}
Event: 22.861 GC heap after
{Heap after GC invocations=24 (full 0):
 garbage-first heap   total 216064K, used 68780K [0x00000000a0e00000, 0x0000000100000000)
  region size 1024K, 3 young (3072K), 3 survivors (3072K)
 Metaspace       used 38857K, committed 39296K, reserved 1089536K
  class space    used 4914K, committed 5120K, reserved 1048576K
}
Event: 23.032 GC heap before
{Heap before GC invocations=25 (full 0):
 garbage-first heap   total 216064K, used 128172K [0x00000000a0e00000, 0x0000000100000000)
  region size 1024K, 63 young (64512K), 3 survivors (3072K)
 Metaspace       used 38962K, committed 39360K, reserved 1089536K
  class space    used 4928K, committed 5120K, reserved 1048576K
}
Event: 23.044 GC heap after
{Heap after GC invocations=26 (full 0):
 garbage-first heap   total 216064K, used 70376K [0x00000000a0e00000, 0x0000000100000000)
  region size 1024K, 6 young (6144K), 6 survivors (6144K)
 Metaspace       used 38962K, committed 39360K, reserved 1089536K
  class space    used 4928K, committed 5120K, reserved 1048576K
}
Event: 23.058 GC heap before
{Heap before GC invocations=26 (full 0):
 garbage-first heap   total 216064K, used 73448K [0x00000000a0e00000, 0x0000000100000000)
  region size 1024K, 10 young (10240K), 6 survivors (6144K)
 Metaspace       used 38962K, committed 39360K, reserved 1089536K
  class space    used 4928K, committed 5120K, reserved 1048576K
}
Event: 23.067 GC heap after
{Heap after GC invocations=27 (full 0):
 garbage-first heap   total 216064K, used 70817K [0x00000000a0e00000, 0x0000000100000000)
  region size 1024K, 1 young (1024K), 1 survivors (1024K)
 Metaspace       used 38962K, committed 39360K, reserved 1089536K
  class space    used 4928K, committed 5120K, reserved 1048576K
}
Event: 23.238 GC heap before
{Heap before GC invocations=27 (full 0):
 garbage-first heap   total 216064K, used 150689K [0x00000000a0e00000, 0x0000000100000000)
  region size 1024K, 80 young (81920K), 1 survivors (1024K)
 Metaspace       used 38962K, committed 39360K, reserved 1089536K
  class space    used 4928K, committed 5120K, reserved 1048576K
}
Event: 23.245 GC heap after
{Heap after GC invocations=28 (full 0):
 garbage-first heap   total 216064K, used 73625K [0x00000000a0e00000, 0x0000000100000000)
  region size 1024K, 4 young (4096K), 4 survivors (4096K)
 Metaspace       used 38962K, committed 39360K, reserved 1089536K
  class space    used 4928K, committed 5120K, reserved 1048576K
}
Event: 23.416 GC heap before
{Heap before GC invocations=28 (full 0):
 garbage-first heap   total 216064K, used 155545K [0x00000000a0e00000, 0x0000000100000000)
  region size 1024K, 85 young (87040K), 4 survivors (4096K)
 Metaspace       used 38962K, committed 39360K, reserved 1089536K
  class space    used 4928K, committed 5120K, reserved 1048576K
}
Event: 23.424 GC heap after
{Heap after GC invocations=29 (full 0):
 garbage-first heap   total 216064K, used 77089K [0x00000000a0e00000, 0x0000000100000000)
  region size 1024K, 7 young (7168K), 7 survivors (7168K)
 Metaspace       used 38962K, committed 39360K, reserved 1089536K
  class space    used 4928K, committed 5120K, reserved 1048576K
}
Event: 23.512 GC heap before
{Heap before GC invocations=29 (full 0):
 garbage-first heap   total 216064K, used 162081K [0x00000000a0e00000, 0x0000000100000000)
  region size 1024K, 91 young (93184K), 7 survivors (7168K)
 Metaspace       used 38962K, committed 39360K, reserved 1089536K
  class space    used 4928K, committed 5120K, reserved 1048576K
}

