# JRE version: OpenJDK Runtime Environment Temurin-17.0.4.1+1 (17.0.4.1+1) (build 17.0.4.1+1)
# Java VM: OpenJDK 64-Bit Server VM Temurin-17.0.4.1+1 (17.0.4.1+1, mixed mode, emulated-client, tiered, compressed oops, compressed class ptrs, g1 gc, windows-amd64)
GC Precious Log:
 CPUs: 4 total, 4 available
 Memory: 6086M
 Large Page Support: Disabled
 NUMA Support: Disabled
 Compressed Oops: Enabled (32-bit)
 Heap Region Size: 1M
 Heap Min Capacity: 8M
 Heap Initial Capacity: 96M
 Heap Max Capacity: 1522M
 Pre-touch: Disabled
 Parallel Workers: 4
 Concurrent Workers: 1
 Concurrent Refinement Workers: 4
 Periodic GC: Disabled
Heap:
 garbage-first heap   total 351232K, used 109559K [0x00000000a0e00000, 0x0000000100000000)
  region size 1024K, 15 young (15360K), 15 survivors (15360K)
 Metaspace       used 38966K, committed 39296K, reserved 1089536K
  class space    used 4930K, committed 5056K, reserved 1048576K
GC Heap History (20 events):
Event: 9.075 GC heap after
{Heap after GC invocations=18 (full 0):
 garbage-first heap   total 155648K, used 50461K [0x00000000a0e00000, 0x0000000100000000)
  region size 1024K, 3 young (3072K), 3 survivors (3072K)
 Metaspace       used 37794K, committed 38080K, reserved 1089536K
  class space    used 4778K, committed 4928K, reserved 1048576K
}
Event: 9.516 GC heap before
{Heap before GC invocations=19 (full 0):
 garbage-first heap   total 155648K, used 103709K [0x00000000a0e00000, 0x0000000100000000)
  region size 1024K, 54 young (55296K), 3 survivors (3072K)
 Metaspace       used 38731K, committed 39040K, reserved 1089536K
  class space    used 4895K, committed 5056K, reserved 1048576K
}
Event: 9.550 GC heap after
{Heap after GC invocations=20 (full 0):
 garbage-first heap   total 155648K, used 67321K [0x00000000a0e00000, 0x0000000100000000)
  region size 1024K, 7 young (7168K), 7 survivors (7168K)
 Metaspace       used 38731K, committed 39040K, reserved 1089536K
  class space    used 4895K, committed 5056K, reserved 1048576K
}
Event: 9.557 GC heap before
{Heap before GC invocations=20 (full 0):
 garbage-first heap   total 155648K, used 68345K [0x00000000a0e00000, 0x0000000100000000)
  region size 1024K, 8 young (8192K), 7 survivors (7168K)
 Metaspace       used 38731K, committed 39040K, reserved 1089536K
  class space    used 4895K, committed 5056K, reserved 1048576K
}
Event: 9.564 GC heap after
{Heap after GC invocations=21 (full 0):
 garbage-first heap   total 155648K, used 68586K [0x00000000a0e00000, 0x0000000100000000)
  region size 1024K, 1 young (1024K), 1 survivors (1024K)
 Metaspace       used 38731K, committed 39040K, reserved 1089536K
  class space    used 4895K, committed 5056K, reserved 1048576K
}
Event: 9.659 GC heap before
{Heap before GC invocations=21 (full 0):
 garbage-first heap   total 155648K, used 105450K [0x00000000a0e00000, 0x0000000100000000)
  region size 1024K, 38 young (38912K), 1 survivors (1024K)
 Metaspace       used 38852K, committed 39168K, reserved 1089536K
  class space    used 4911K, committed 5056K, reserved 1048576K
}
Event: 9.661 GC heap after
{Heap after GC invocations=22 (full 0):
 garbage-first heap   total 155648K, used 69368K [0x00000000a0e00000, 0x0000000100000000)
  region size 1024K, 2 young (2048K), 2 survivors (2048K)
 Metaspace       used 38852K, committed 39168K, reserved 1089536K
  class space    used 4911K, committed 5056K, reserved 1048576K
}
Event: 9.718 GC heap before
{Heap before GC invocations=22 (full 0):
 garbage-first heap   total 155648K, used 108280K [0x00000000a0e00000, 0x0000000100000000)
  region size 1024K, 41 young (41984K), 2 survivors (2048K)
 Metaspace       used 38965K, committed 39296K, reserved 1089536K
  class space    used 4930K, committed 5056K, reserved 1048576K
}
Event: 9.722 GC heap after
{Heap after GC invocations=23 (full 0):
 garbage-first heap   total 155648K, used 70884K [0x00000000a0e00000, 0x0000000100000000)
  region size 1024K, 4 young (4096K), 4 survivors (4096K)
 Metaspace       used 38965K, committed 39296K, reserved 1089536K
  class space    used 4930K, committed 5056K, reserved 1048576K
}
Event: 9.752 GC heap before
{Heap before GC invocations=23 (full 0):
 garbage-first heap   total 155648K, used 112868K [0x00000000a0e00000, 0x0000000100000000)
  region size 1024K, 46 young (47104K), 4 survivors (4096K)
 Metaspace       used 38965K, committed 39296K, reserved 1089536K
  class space    used 4930K, committed 5056K, reserved 1048576K
}
Event: 9.759 GC heap after
{Heap after GC invocations=24 (full 0):
 garbage-first heap   total 351232K, used 72862K [0x00000000a0e00000, 0x0000000100000000)
  region size 1024K, 4 young (4096K), 4 survivors (4096K)
 Metaspace       used 38965K, committed 39296K, reserved 1089536K
  class space    used 4930K, committed 5056K, reserved 1048576K
}
Event: 9.917 GC heap before
{Heap before GC invocations=24 (full 0):
 garbage-first heap   total 351232K, used 232606K [0x00000000a0e00000, 0x0000000100000000)
  region size 1024K, 161 young (164864K), 4 survivors (4096K)
 Metaspace       used 38965K, committed 39296K, reserved 1089536K
  class space    used 4930K, committed 5056K, reserved 1048576K
}
Event: 9.929 GC heap after
{Heap after GC invocations=25 (full 0):
 garbage-first heap   total 351232K, used 78612K [0x00000000a0e00000, 0x0000000100000000)
  region size 1024K, 10 young (10240K), 10 survivors (10240K)
 Metaspace       used 38965K, committed 39296K, reserved 1089536K
  class space    used 4930K, committed 5056K, reserved 1048576K
}
Event: 10.575 GC heap before
{Heap before GC invocations=25 (full 0):
 garbage-first heap   total 351232K, used 271124K [0x00000000a0e00000, 0x0000000100000000)
  region size 1024K, 199 young (203776K), 10 survivors (10240K)
 Metaspace       used 38966K, committed 39296K, reserved 1089536K
  class space    used 4930K, committed 5056K, reserved 1048576K
}
Event: 10.589 GC heap after
{Heap after GC invocations=26 (full 0):
 garbage-first heap   total 351232K, used 86647K [0x00000000a0e00000, 0x0000000100000000)
  region size 1024K, 17 young (17408K), 17 survivors (17408K)
 Metaspace       used 38966K, committed 39296K, reserved 1089536K
  class space    used 4930K, committed 5056K, reserved 1048576K
}
Event: 10.892 GC heap before
{Heap before GC invocations=26 (full 0):
 garbage-first heap   total 351232K, used 276087K [0x00000000a0e00000, 0x0000000100000000)
  region size 1024K, 203 young (207872K), 17 survivors (17408K)
 Metaspace       used 38966K, committed 39296K, reserved 1089536K
  class space    used 4930K, committed 5056K, reserved 1048576K
}
Event: 10.907 GC heap after
{Heap after GC invocations=27 (full 0):
 garbage-first heap   total 351232K, used 94623K [0x00000000a0e00000, 0x0000000100000000)
  region size 1024K, 16 young (16384K), 16 survivors (16384K)
 Metaspace       used 38966K, committed 39296K, reserved 1089536K
  class space    used 4930K, committed 5056K, reserved 1048576K
}
Event: 11.072 GC heap before
{Heap before GC invocations=27 (full 0):
 garbage-first heap   total 351232K, used 280991K [0x00000000a0e00000, 0x0000000100000000)
  region size 1024K, 199 young (203776K), 16 survivors (16384K)
 Metaspace       used 38966K, committed 39296K, reserved 1089536K
  class space    used 4930K, committed 5056K, reserved 1048576K
}
Event: 11.086 GC heap after
{Heap after GC invocations=28 (full 0):
 garbage-first heap   total 351232K, used 102787K [0x00000000a0e00000, 0x0000000100000000)
  region size 1024K, 16 young (16384K), 16 survivors (16384K)
 Metaspace       used 38966K, committed 39296K, reserved 1089536K
  class space    used 4930K, committed 5056K, reserved 1048576K
}
Event: 11.223 GC heap before
{Heap before GC invocations=28 (full 0):
 garbage-first heap   total 351232K, used 286083K [0x00000000a0e00000, 0x0000000100000000)
  region size 1024K, 196 young (200704K), 16 survivors (16384K)
 Metaspace       used 38966K, committed 39296K, reserved 1089536K
  class space    used 4930K, committed 5056K, reserved 1048576K
}

