# JRE version: OpenJDK Runtime Environment Temurin-17.0.4.1+1 (17.0.4.1+1) (build 17.0.4.1+1)
# Java VM: OpenJDK 64-Bit Server VM Temurin-17.0.4.1+1 (17.0.4.1+1, mixed mode, emulated-client, tiered, compressed oops, compressed class ptrs, g1 gc, windows-amd64)
GC Precious Log:
 CPUs: 4 total, 4 available
 Memory: 6086M
 Large Page Support: Disabled
 NUMA Support: Disabled
 Compressed Oops: Enabled (32-bit)
 Heap Region Size: 1M
 Heap Min Capacity: 8M
 Heap Initial Capacity: 96M
 Heap Max Capacity: 1522M
 Pre-touch: Disabled
 Parallel Workers: 4
 Concurrent Workers: 1
 Concurrent Refinement Workers: 4
 Periodic GC: Disabled
Heap:
 garbage-first heap   total 216064K, used 79825K [0x00000000a0e00000, 0x0000000100000000)
  region size 1024K, 9 young (9216K), 9 survivors (9216K)
 Metaspace       used 38963K, committed 39360K, reserved 1089536K
  class space    used 4929K, committed 5120K, reserved 1048576K
GC Heap History (20 events):
Event: 7.354 GC heap after
{Heap after GC invocations=15 (full 0):
 garbage-first heap   total 92160K, used 31033K [0x00000000a0e00000, 0x0000000100000000)
  region size 1024K, 2 young (2048K), 2 survivors (2048K)
 Metaspace       used 37135K, committed 37504K, reserved 1081344K
  class space    used 4745K, committed 4928K, reserved 1048576K
}
Event: 7.493 GC heap before
{Heap before GC invocations=16 (full 0):
 garbage-first heap   total 92160K, used 63801K [0x00000000a0e00000, 0x0000000100000000)
  region size 1024K, 35 young (35840K), 2 survivors (2048K)
 Metaspace       used 37783K, committed 38080K, reserved 1089536K
  class space    used 4778K, committed 4928K, reserved 1048576K
}
Event: 7.504 GC heap after
{Heap after GC invocations=17 (full 0):
 garbage-first heap   total 92160K, used 38194K [0x00000000a0e00000, 0x0000000100000000)
  region size 1024K, 5 young (5120K), 5 survivors (5120K)
 Metaspace       used 37783K, committed 38080K, reserved 1089536K
  class space    used 4778K, committed 4928K, reserved 1048576K
}
Event: 7.614 GC heap before
{Heap before GC invocations=17 (full 0):
 garbage-first heap   total 92160K, used 64818K [0x00000000a0e00000, 0x0000000100000000)
  region size 1024K, 32 young (32768K), 5 survivors (5120K)
 Metaspace       used 38127K, committed 38400K, reserved 1089536K
  class space    used 4810K, committed 4928K, reserved 1048576K
}
Event: 7.629 GC heap after
{Heap after GC invocations=18 (full 0):
 garbage-first heap   total 92160K, used 46383K [0x00000000a0e00000, 0x0000000100000000)
  region size 1024K, 4 young (4096K), 4 survivors (4096K)
 Metaspace       used 38127K, committed 38400K, reserved 1089536K
  class space    used 4810K, committed 4928K, reserved 1048576K
}
Event: 7.809 GC heap before
{Heap before GC invocations=18 (full 0):
 garbage-first heap   total 92160K, used 67887K [0x00000000a0e00000, 0x0000000100000000)
  region size 1024K, 25 young (25600K), 4 survivors (4096K)
 Metaspace       used 38698K, committed 39040K, reserved 1089536K
  class space    used 4890K, committed 5056K, reserved 1048576K
}
Event: 7.820 GC heap after
{Heap after GC invocations=19 (full 0):
 garbage-first heap   total 92160K, used 51580K [0x00000000a0e00000, 0x0000000100000000)
  region size 1024K, 4 young (4096K), 4 survivors (4096K)
 Metaspace       used 38698K, committed 39040K, reserved 1089536K
  class space    used 4890K, committed 5056K, reserved 1048576K
}
Event: 8.318 GC heap before
{Heap before GC invocations=20 (full 0):
 garbage-first heap   total 92160K, used 70012K [0x00000000a0e00000, 0x0000000100000000)
  region size 1024K, 22 young (22528K), 4 survivors (4096K)
 Metaspace       used 38766K, committed 39168K, reserved 1089536K
  class space    used 4906K, committed 5120K, reserved 1048576K
}
Event: 8.331 GC heap after
{Heap after GC invocations=21 (full 0):
 garbage-first heap   total 92160K, used 58744K [0x00000000a0e00000, 0x0000000100000000)
  region size 1024K, 3 young (3072K), 3 survivors (3072K)
 Metaspace       used 38766K, committed 39168K, reserved 1089536K
  class space    used 4906K, committed 5120K, reserved 1048576K
}
Event: 8.336 GC heap before
{Heap before GC invocations=21 (full 0):
 garbage-first heap   total 92160K, used 59768K [0x00000000a0e00000, 0x0000000100000000)
  region size 1024K, 4 young (4096K), 3 survivors (3072K)
 Metaspace       used 38766K, committed 39168K, reserved 1089536K
  class space    used 4906K, committed 5120K, reserved 1048576K
}
Event: 8.341 GC heap after
{Heap after GC invocations=22 (full 0):
 garbage-first heap   total 92160K, used 59618K [0x00000000a0e00000, 0x0000000100000000)
  region size 1024K, 1 young (1024K), 1 survivors (1024K)
 Metaspace       used 38766K, committed 39168K, reserved 1089536K
  class space    used 4906K, committed 5120K, reserved 1048576K
}
Event: 8.382 GC heap before
{Heap before GC invocations=22 (full 0):
 garbage-first heap   total 92160K, used 65762K [0x00000000a0e00000, 0x0000000100000000)
  region size 1024K, 8 young (8192K), 1 survivors (1024K)
 Metaspace       used 38766K, committed 39168K, reserved 1089536K
  class space    used 4906K, committed 5120K, reserved 1048576K
}
Event: 8.389 GC heap after
{Heap after GC invocations=23 (full 0):
 garbage-first heap   total 216064K, used 63408K [0x00000000a0e00000, 0x0000000100000000)
  region size 1024K, 2 young (2048K), 2 survivors (2048K)
 Metaspace       used 38766K, committed 39168K, reserved 1089536K
  class space    used 4906K, committed 5120K, reserved 1048576K
}
Event: 8.552 GC heap before
{Heap before GC invocations=23 (full 0):
 garbage-first heap   total 216064K, used 133040K [0x00000000a0e00000, 0x0000000100000000)
  region size 1024K, 71 young (72704K), 2 survivors (2048K)
 Metaspace       used 38963K, committed 39360K, reserved 1089536K
  class space    used 4929K, committed 5120K, reserved 1048576K
}
Event: 8.574 GC heap after
{Heap after GC invocations=24 (full 0):
 garbage-first heap   total 216064K, used 70975K [0x00000000a0e00000, 0x0000000100000000)
  region size 1024K, 9 young (9216K), 9 survivors (9216K)
 Metaspace       used 38963K, committed 39360K, reserved 1089536K
  class space    used 4929K, committed 5120K, reserved 1048576K
}
Event: 8.617 GC heap before
{Heap before GC invocations=24 (full 0):
 garbage-first heap   total 216064K, used 141631K [0x00000000a0e00000, 0x0000000100000000)
  region size 1024K, 79 young (80896K), 9 survivors (9216K)
 Metaspace       used 38963K, committed 39360K, reserved 1089536K
  class space    used 4929K, committed 5120K, reserved 1048576K
}
Event: 8.635 GC heap after
{Heap after GC invocations=25 (full 0):
 garbage-first heap   total 216064K, used 74239K [0x00000000a0e00000, 0x0000000100000000)
  region size 1024K, 4 young (4096K), 4 survivors (4096K)
 Metaspace       used 38963K, committed 39360K, reserved 1089536K
  class space    used 4929K, committed 5120K, reserved 1048576K
}
Event: 8.674 GC heap before
{Heap before GC invocations=25 (full 0):
 garbage-first heap   total 216064K, used 153087K [0x00000000a0e00000, 0x0000000100000000)
  region size 1024K, 82 young (83968K), 4 survivors (4096K)
 Metaspace       used 38963K, committed 39360K, reserved 1089536K
  class space    used 4929K, committed 5120K, reserved 1048576K
}
Event: 8.680 GC heap after
{Heap after GC invocations=26 (full 0):
 garbage-first heap   total 216064K, used 76721K [0x00000000a0e00000, 0x0000000100000000)
  region size 1024K, 6 young (6144K), 6 survivors (6144K)
 Metaspace       used 38963K, committed 39360K, reserved 1089536K
  class space    used 4929K, committed 5120K, reserved 1048576K
}
Event: 8.738 GC heap before
{Heap before GC invocations=26 (full 0):
 garbage-first heap   total 216064K, used 160689K [0x00000000a0e00000, 0x0000000100000000)
  region size 1024K, 89 young (91136K), 6 survivors (6144K)
 Metaspace       used 38963K, committed 39360K, reserved 1089536K
  class space    used 4929K, committed 5120K, reserved 1048576K
}

