# JRE version: OpenJDK Runtime Environment Temurin-17.0.4.1+1 (17.0.4.1+1) (build 17.0.4.1+1)
# Java VM: OpenJDK 64-Bit Server VM Temurin-17.0.4.1+1 (17.0.4.1+1, mixed mode, emulated-client, tiered, compressed oops, compressed class ptrs, g1 gc, windows-amd64)
GC Precious Log:
 CPUs: 4 total, 4 available
 Memory: 6086M
 Large Page Support: Disabled
 NUMA Support: Disabled
 Compressed Oops: Enabled (32-bit)
 Heap Region Size: 1M
 Heap Min Capacity: 8M
 Heap Initial Capacity: 96M
 Heap Max Capacity: 1522M
 Pre-touch: Disabled
 Parallel Workers: 4
 Concurrent Workers: 1
 Concurrent Refinement Workers: 4
 Periodic GC: Disabled
Heap:
 garbage-first heap   total 226304K, used 82773K [0x00000000a0e00000, 0x0000000100000000)
  region size 1024K, 12 young (12288K), 12 survivors (12288K)
 Metaspace       used 38969K, committed 39360K, reserved 1089536K
  class space    used 4933K, committed 5120K, reserved 1048576K
GC Heap History (20 events):
Event: 19.244 GC heap after
{Heap after GC invocations=22 (full 0):
 garbage-first heap   total 94208K, used 38477K [0x00000000a0e00000, 0x0000000100000000)
  region size 1024K, 3 young (3072K), 3 survivors (3072K)
 Metaspace       used 37788K, committed 38080K, reserved 1089536K
  class space    used 4781K, committed 4928K, reserved 1048576K
}
Event: 19.472 GC heap before
{Heap before GC invocations=23 (full 0):
 garbage-first heap   total 94208K, used 68173K [0x00000000a0e00000, 0x0000000100000000)
  region size 1024K, 33 young (33792K), 3 survivors (3072K)
 Metaspace       used 37947K, committed 38272K, reserved 1089536K
  class space    used 4796K, committed 4928K, reserved 1048576K
}
Event: 19.489 GC heap after
{Heap after GC invocations=24 (full 0):
 garbage-first heap   total 94208K, used 45212K [0x00000000a0e00000, 0x0000000100000000)
  region size 1024K, 5 young (5120K), 5 survivors (5120K)
 Metaspace       used 37947K, committed 38272K, reserved 1089536K
  class space    used 4796K, committed 4928K, reserved 1048576K
}
Event: 20.458 GC heap before
{Heap before GC invocations=24 (full 0):
 garbage-first heap   total 94208K, used 67740K [0x00000000a0e00000, 0x0000000100000000)
  region size 1024K, 28 young (28672K), 5 survivors (5120K)
 Metaspace       used 38772K, committed 39168K, reserved 1089536K
  class space    used 4910K, committed 5120K, reserved 1048576K
}
Event: 20.473 GC heap after
{Heap after GC invocations=25 (full 0):
 garbage-first heap   total 94208K, used 50898K [0x00000000a0e00000, 0x0000000100000000)
  region size 1024K, 4 young (4096K), 4 survivors (4096K)
 Metaspace       used 38772K, committed 39168K, reserved 1089536K
  class space    used 4910K, committed 5120K, reserved 1048576K
}
Event: 20.543 GC heap before
{Heap before GC invocations=25 (full 0):
 garbage-first heap   total 94208K, used 54994K [0x00000000a0e00000, 0x0000000100000000)
  region size 1024K, 9 young (9216K), 4 survivors (4096K)
 Metaspace       used 38772K, committed 39168K, reserved 1089536K
  class space    used 4910K, committed 5120K, reserved 1048576K
}
Event: 20.550 GC heap after
{Heap after GC invocations=26 (full 0):
 garbage-first heap   total 94208K, used 53526K [0x00000000a0e00000, 0x0000000100000000)
  region size 1024K, 2 young (2048K), 2 survivors (2048K)
 Metaspace       used 38772K, committed 39168K, reserved 1089536K
  class space    used 4910K, committed 5120K, reserved 1048576K
}
Event: 20.735 GC heap before
{Heap before GC invocations=26 (full 0):
 garbage-first heap   total 116736K, used 70934K [0x00000000a0e00000, 0x0000000100000000)
  region size 1024K, 18 young (18432K), 2 survivors (2048K)
 Metaspace       used 38774K, committed 39168K, reserved 1089536K
  class space    used 4910K, committed 5120K, reserved 1048576K
}
Event: 20.751 GC heap after
{Heap after GC invocations=27 (full 0):
 garbage-first heap   total 116736K, used 63488K [0x00000000a0e00000, 0x0000000100000000)
  region size 1024K, 3 young (3072K), 3 survivors (3072K)
 Metaspace       used 38774K, committed 39168K, reserved 1089536K
  class space    used 4910K, committed 5120K, reserved 1048576K
}
Event: 20.843 GC heap before
{Heap before GC invocations=28 (full 0):
 garbage-first heap   total 116736K, used 82944K [0x00000000a0e00000, 0x0000000100000000)
  region size 1024K, 23 young (23552K), 3 survivors (3072K)
 Metaspace       used 38857K, committed 39296K, reserved 1089536K
  class space    used 4920K, committed 5120K, reserved 1048576K
}
Event: 20.861 GC heap after
{Heap after GC invocations=29 (full 0):
 garbage-first heap   total 116736K, used 68476K [0x00000000a0e00000, 0x0000000100000000)
  region size 1024K, 3 young (3072K), 3 survivors (3072K)
 Metaspace       used 38857K, committed 39296K, reserved 1089536K
  class space    used 4920K, committed 5120K, reserved 1048576K
}
Event: 20.869 GC heap before
{Heap before GC invocations=29 (full 0):
 garbage-first heap   total 116736K, used 69500K [0x00000000a0e00000, 0x0000000100000000)
  region size 1024K, 5 young (5120K), 3 survivors (3072K)
 Metaspace       used 38857K, committed 39296K, reserved 1089536K
  class space    used 4920K, committed 5120K, reserved 1048576K
}
Event: 20.880 GC heap after
{Heap after GC invocations=30 (full 0):
 garbage-first heap   total 226304K, used 68664K [0x00000000a0e00000, 0x0000000100000000)
  region size 1024K, 1 young (1024K), 1 survivors (1024K)
 Metaspace       used 38857K, committed 39296K, reserved 1089536K
  class space    used 4920K, committed 5120K, reserved 1048576K
}
Event: 21.010 GC heap before
{Heap before GC invocations=30 (full 0):
 garbage-first heap   total 226304K, used 132152K [0x00000000a0e00000, 0x0000000100000000)
  region size 1024K, 64 young (65536K), 1 survivors (1024K)
 Metaspace       used 38969K, committed 39360K, reserved 1089536K
  class space    used 4933K, committed 5120K, reserved 1048576K
}
Event: 21.014 GC heap after
{Heap after GC invocations=31 (full 0):
 garbage-first heap   total 226304K, used 70848K [0x00000000a0e00000, 0x0000000100000000)
  region size 1024K, 3 young (3072K), 3 survivors (3072K)
 Metaspace       used 38969K, committed 39360K, reserved 1089536K
  class space    used 4933K, committed 5120K, reserved 1048576K
}
Event: 21.132 GC heap before
{Heap before GC invocations=31 (full 0):
 garbage-first heap   total 226304K, used 166080K [0x00000000a0e00000, 0x0000000100000000)
  region size 1024K, 97 young (99328K), 3 survivors (3072K)
 Metaspace       used 38969K, committed 39360K, reserved 1089536K
  class space    used 4933K, committed 5120K, reserved 1048576K
}
Event: 21.140 GC heap after
{Heap after GC invocations=32 (full 0):
 garbage-first heap   total 226304K, used 74635K [0x00000000a0e00000, 0x0000000100000000)
  region size 1024K, 7 young (7168K), 7 survivors (7168K)
 Metaspace       used 38969K, committed 39360K, reserved 1089536K
  class space    used 4933K, committed 5120K, reserved 1048576K
}
Event: 21.233 GC heap before
{Heap before GC invocations=32 (full 0):
 garbage-first heap   total 226304K, used 169867K [0x00000000a0e00000, 0x0000000100000000)
  region size 1024K, 101 young (103424K), 7 survivors (7168K)
 Metaspace       used 38969K, committed 39360K, reserved 1089536K
  class space    used 4933K, committed 5120K, reserved 1048576K
}
Event: 21.241 GC heap after
{Heap after GC invocations=33 (full 0):
 garbage-first heap   total 226304K, used 78300K [0x00000000a0e00000, 0x0000000100000000)
  region size 1024K, 10 young (10240K), 10 survivors (10240K)
 Metaspace       used 38969K, committed 39360K, reserved 1089536K
  class space    used 4933K, committed 5120K, reserved 1048576K
}
Event: 21.632 GC heap before
{Heap before GC invocations=33 (full 0):
 garbage-first heap   total 226304K, used 175580K [0x00000000a0e00000, 0x0000000100000000)
  region size 1024K, 106 young (108544K), 10 survivors (10240K)
 Metaspace       used 38969K, committed 39360K, reserved 1089536K
  class space    used 4933K, committed 5120K, reserved 1048576K
}

