# JRE version: OpenJDK Runtime Environment Temurin-17.0.4.1+1 (17.0.4.1+1) (build 17.0.4.1+1)
# Java VM: OpenJDK 64-Bit Server VM Temurin-17.0.4.1+1 (17.0.4.1+1, mixed mode, emulated-client, tiered, compressed oops, compressed class ptrs, g1 gc, windows-amd64)
GC Precious Log:
 CPUs: 4 total, 4 available
 Memory: 6086M
 Large Page Support: Disabled
 NUMA Support: Disabled
 Compressed Oops: Enabled (32-bit)
 Heap Region Size: 1M
 Heap Min Capacity: 8M
 Heap Initial Capacity: 96M
 Heap Max Capacity: 1522M
 Pre-touch: Disabled
 Parallel Workers: 4
 Concurrent Workers: 1
 Concurrent Refinement Workers: 4
 Periodic GC: Disabled
Heap:
 garbage-first heap   total 346112K, used 207118K [0x00000000a0e00000, 0x0000000100000000)
  region size 1024K, 11 young (11264K), 11 survivors (11264K)
 Metaspace       used 39097K, committed 39488K, reserved 1089536K
  class space    used 4941K, committed 5120K, reserved 1048576K
GC Heap History (20 events):
Event: 31.861 GC heap after
{Heap after GC invocations=47 (full 0):
 garbage-first heap   total 294912K, used 150347K [0x00000000a0e00000, 0x0000000100000000)
  region size 1024K, 11 young (11264K), 11 survivors (11264K)
 Metaspace       used 39097K, committed 39488K, reserved 1089536K
  class space    used 4941K, committed 5120K, reserved 1048576K
}
Event: 32.234 GC heap before
{Heap before GC invocations=47 (full 0):
 garbage-first heap   total 294912K, used 249675K [0x00000000a0e00000, 0x0000000100000000)
  region size 1024K, 109 young (111616K), 11 survivors (11264K)
 Metaspace       used 39097K, committed 39488K, reserved 1089536K
  class space    used 4941K, committed 5120K, reserved 1048576K
}
Event: 32.249 GC heap after
{Heap after GC invocations=48 (full 0):
 garbage-first heap   total 294912K, used 155422K [0x00000000a0e00000, 0x0000000100000000)
  region size 1024K, 11 young (11264K), 11 survivors (11264K)
 Metaspace       used 39097K, committed 39488K, reserved 1089536K
  class space    used 4941K, committed 5120K, reserved 1048576K
}
Event: 32.620 GC heap before
{Heap before GC invocations=48 (full 0):
 garbage-first heap   total 294912K, used 249630K [0x00000000a0e00000, 0x0000000100000000)
  region size 1024K, 104 young (106496K), 11 survivors (11264K)
 Metaspace       used 39097K, committed 39488K, reserved 1089536K
  class space    used 4941K, committed 5120K, reserved 1048576K
}
Event: 32.635 GC heap after
{Heap after GC invocations=49 (full 0):
 garbage-first heap   total 346112K, used 160232K [0x00000000a0e00000, 0x0000000100000000)
  region size 1024K, 10 young (10240K), 10 survivors (10240K)
 Metaspace       used 39097K, committed 39488K, reserved 1089536K
  class space    used 4941K, committed 5120K, reserved 1048576K
}
Event: 33.635 GC heap before
{Heap before GC invocations=49 (full 0):
 garbage-first heap   total 346112K, used 292328K [0x00000000a0e00000, 0x0000000100000000)
  region size 1024K, 140 young (143360K), 10 survivors (10240K)
 Metaspace       used 39097K, committed 39488K, reserved 1089536K
  class space    used 4941K, committed 5120K, reserved 1048576K
}
Event: 33.654 GC heap after
{Heap after GC invocations=50 (full 0):
 garbage-first heap   total 346112K, used 166331K [0x00000000a0e00000, 0x0000000100000000)
  region size 1024K, 16 young (16384K), 16 survivors (16384K)
 Metaspace       used 39097K, committed 39488K, reserved 1089536K
  class space    used 4941K, committed 5120K, reserved 1048576K
}
Event: 34.209 GC heap before
{Heap before GC invocations=50 (full 0):
 garbage-first heap   total 346112K, used 293307K [0x00000000a0e00000, 0x0000000100000000)
  region size 1024K, 141 young (144384K), 16 survivors (16384K)
 Metaspace       used 39097K, committed 39488K, reserved 1089536K
  class space    used 4941K, committed 5120K, reserved 1048576K
}
Event: 34.228 GC heap after
{Heap after GC invocations=51 (full 0):
 garbage-first heap   total 346112K, used 173337K [0x00000000a0e00000, 0x0000000100000000)
  region size 1024K, 14 young (14336K), 14 survivors (14336K)
 Metaspace       used 39097K, committed 39488K, reserved 1089536K
  class space    used 4941K, committed 5120K, reserved 1048576K
}
Event: 34.689 GC heap before
{Heap before GC invocations=51 (full 0):
 garbage-first heap   total 346112K, used 294169K [0x00000000a0e00000, 0x0000000100000000)
  region size 1024K, 133 young (136192K), 14 survivors (14336K)
 Metaspace       used 39097K, committed 39488K, reserved 1089536K
  class space    used 4941K, committed 5120K, reserved 1048576K
}
Event: 34.708 GC heap after
{Heap after GC invocations=52 (full 0):
 garbage-first heap   total 346112K, used 179375K [0x00000000a0e00000, 0x0000000100000000)
  region size 1024K, 13 young (13312K), 13 survivors (13312K)
 Metaspace       used 39097K, committed 39488K, reserved 1089536K
  class space    used 4941K, committed 5120K, reserved 1048576K
}
Event: 35.130 GC heap before
{Heap before GC invocations=52 (full 0):
 garbage-first heap   total 346112K, used 295087K [0x00000000a0e00000, 0x0000000100000000)
  region size 1024K, 127 young (130048K), 13 survivors (13312K)
 Metaspace       used 39097K, committed 39488K, reserved 1089536K
  class space    used 4941K, committed 5120K, reserved 1048576K
}
Event: 35.147 GC heap after
{Heap after GC invocations=53 (full 0):
 garbage-first heap   total 346112K, used 183808K [0x00000000a0e00000, 0x0000000100000000)
  region size 1024K, 11 young (11264K), 11 survivors (11264K)
 Metaspace       used 39097K, committed 39488K, reserved 1089536K
  class space    used 4941K, committed 5120K, reserved 1048576K
}
Event: 35.588 GC heap before
{Heap before GC invocations=53 (full 0):
 garbage-first heap   total 346112K, used 295424K [0x00000000a0e00000, 0x0000000100000000)
  region size 1024K, 121 young (123904K), 11 survivors (11264K)
 Metaspace       used 39097K, committed 39488K, reserved 1089536K
  class space    used 4941K, committed 5120K, reserved 1048576K
}
Event: 35.602 GC heap after
{Heap after GC invocations=54 (full 0):
 garbage-first heap   total 346112K, used 190265K [0x00000000a0e00000, 0x0000000100000000)
  region size 1024K, 12 young (12288K), 12 survivors (12288K)
 Metaspace       used 39097K, committed 39488K, reserved 1089536K
  class space    used 4941K, committed 5120K, reserved 1048576K
}
Event: 36.091 GC heap before
{Heap before GC invocations=54 (full 0):
 garbage-first heap   total 346112K, used 295737K [0x00000000a0e00000, 0x0000000100000000)
  region size 1024K, 116 young (118784K), 12 survivors (12288K)
 Metaspace       used 39097K, committed 39488K, reserved 1089536K
  class space    used 4941K, committed 5120K, reserved 1048576K
}
Event: 36.106 GC heap after
{Heap after GC invocations=55 (full 0):
 garbage-first heap   total 346112K, used 196348K [0x00000000a0e00000, 0x0000000100000000)
  region size 1024K, 12 young (12288K), 12 survivors (12288K)
 Metaspace       used 39097K, committed 39488K, reserved 1089536K
  class space    used 4941K, committed 5120K, reserved 1048576K
}
Event: 36.478 GC heap before
{Heap before GC invocations=55 (full 0):
 garbage-first heap   total 346112K, used 295676K [0x00000000a0e00000, 0x0000000100000000)
  region size 1024K, 110 young (112640K), 12 survivors (12288K)
 Metaspace       used 39097K, committed 39488K, reserved 1089536K
  class space    used 4941K, committed 5120K, reserved 1048576K
}
Event: 36.492 GC heap after
{Heap after GC invocations=56 (full 0):
 garbage-first heap   total 346112K, used 201028K [0x00000000a0e00000, 0x0000000100000000)
  region size 1024K, 11 young (11264K), 11 survivors (11264K)
 Metaspace       used 39097K, committed 39488K, reserved 1089536K
  class space    used 4941K, committed 5120K, reserved 1048576K
}
Event: 37.022 GC heap before
{Heap before GC invocations=56 (full 0):
 garbage-first heap   total 346112K, used 297284K [0x00000000a0e00000, 0x0000000100000000)
  region size 1024K, 106 young (108544K), 11 survivors (11264K)
 Metaspace       used 39097K, committed 39488K, reserved 1089536K
  class space    used 4941K, committed 5120K, reserved 1048576K
}

